<?xml version="1.0" encoding="UTF-8"?>
<testng-results ignored="0" total="1" passed="1" failed="0" skipped="0">
  <reporter-output>
  </reporter-output>
  <suite started-at="2026-04-22T17:25:30 IST" name="Default suite" finished-at="2026-04-22T17:26:07 IST" duration-ms="37016">
    <groups>
    </groups>
    <test started-at="2026-04-22T17:25:30 IST" name="Default test" finished-at="2026-04-22T17:26:07 IST" duration-ms="37016">
      <class name="TestCase.TestCase001">
        <test-method is-config="true" signature="setupReport()[pri:0, instance:TestCase.TestCase001@5ffead27]" started-at="2026-04-22T17:25:30 IST" name="setupReport" finished-at="2026-04-22T17:25:30 IST" duration-ms="268" status="PASS">
          <reporter-output>
          </reporter-output>
        </test-method> <!-- setupReport -->
        <test-method is-config="true" signature="setup()[pri:0, instance:TestCase.TestCase001@5ffead27]" started-at="2026-04-22T17:25:30 IST" name="setup" finished-at="2026-04-22T17:25:35 IST" duration-ms="4842" status="PASS">
          <reporter-output>
          </reporter-output>
        </test-method> <!-- setup -->
        <test-method is-config="true" signature="startTest(java.lang.reflect.Method)[pri:0, instance:TestCase.TestCase001@5ffead27]" started-at="2026-04-22T17:25:35 IST" name="startTest" finished-at="2026-04-22T17:25:35 IST" duration-ms="17" status="PASS">
          <params>
            <param index="0">
              <value>
                <![CDATA[public void TestCase.TestCase001.LoginReportingPage() throws java.lang.InterruptedException]]>
              </value>
            </param>
          </params>
          <reporter-output>
          </reporter-output>
        </test-method> <!-- startTest -->
        <test-method signature="LoginReportingPage()[pri:1, instance:TestCase.TestCase001@5ffead27]" started-at="2026-04-22T17:25:35 IST" name="LoginReportingPage" finished-at="2026-04-22T17:26:07 IST" duration-ms="32085" status="PASS">
          <reporter-output>
          </reporter-output>
        </test-method> <!-- LoginReportingPage -->
        <test-method is-config="true" signature="getResult(org.testng.ITestResult)[pri:0, instance:TestCase.TestCase001@5ffead27]" started-at="2026-04-22T17:26:07 IST" name="getResult" finished-at="2026-04-22T17:26:07 IST" duration-ms="35" status="PASS">
          <params>
            <param index="0">
              <value>
                <![CDATA[[TestResult name=LoginReportingPage status=SUCCESS method=TestCase001.LoginReportingPage()[pri:1, instance:TestCase.TestCase001@5ffead27] output={null}]]]>
              </value>
            </param>
          </params>
          <reporter-output>
          </reporter-output>
        </test-method> <!-- getResult -->
        <test-method is-config="true" signature="tearDown()[pri:0, instance:TestCase.TestCase001@5ffead27]" started-at="2026-04-22T17:26:07 IST" name="tearDown" finished-at="2026-04-22T17:26:08 IST" duration-ms="633" status="PASS">
          <reporter-output>
          </reporter-output>
        </test-method> <!-- tearDown -->
      </class> <!-- TestCase.TestCase001 -->
    </test> <!-- Default test -->
  </suite> <!-- Default suite -->
</testng-results>
